********************************************************************************
DUPLICATOR-LITE PACKAGE-LOG: 12 de January de 2024 19:29
NOTICE: Do NOT post to public sites or forums 
********************************************************************************
VERSION:	1.5.8
WORDPRESS:	6.4.2
PHP INFO:	8.1.10 | SAPI: apache2handler
SERVER:		Apache/2.4.54 (Win64) OpenSSL/1.1.1q PHP/8.1.10 
PHP TIME LIMIT: (0) no time limit imposed 
PHP MAX MEMORY: 4294967296 (512M default) 
MEMORY STACK: 44MB

********************************************************************************
DATABASE:
********************************************************************************
BUILD MODE:   PHP(query limit - 100)
MYSQLTIMEOUT: 5000
MYSQLDUMP:    Not Supported
TABLES: total:13 | filtered:0 | create:13
FILTERED: []
SQL CREATED: 20240112_mutua_14b649837d00a5844514_20240112192948_database.sql
SQL FILE SIZE: 2.46MB (2578948)
SQL FILE TIME: 2024-01-12 19:30:00
SQL RUNTIME: 0.68 sec.

********************************************************************************
ARCHIVE (ZIP):
********************************************************************************
ARCHIVE DIR:  C:/laragon/www/mutuaWP2024
ARCHIVE FILE: 20240112_mutua_14b649837d00a5844514_20240112192948_archive.zip
FILTERS: *OFF*
DIRS:
	not set
FILES:
	not set
EXTS:  not set
----------------------------------------
COMPRESSING
SIZE:	84.83MB
STATS:	Dirs 534 | Files 4,040
SQL ADDED: 20240112_mutua_14b649837d00a5844514_20240112192948_database.sql
ZipArchive Object
(
    [lastId] => 4573
    [status] => 0
    [statusSys] => 0
    [numFiles] => 4574
    [filename] => C:\laragon\www\mutuaWP2024\wp-content\backups-dup-lite\tmp\20240112_mutua_14b649837d00a5844514_20240112192948_archive.zip
    [comment] => 
)

FILE ADDED TO ZIP: 4573
COMPRESSION RESULT: '1'
COMPRESSED SIZE: 36.23MB
ARCHIVE RUNTIME: 30.10 sec.
MEMORY STACK: 46MB
building installer
ARCHIVE CONSISTENCY TEST: PASS

********************************************************************************
INTEGRITY CHECKS:
********************************************************************************
SQL FILE: 2.46MB
INSTALLER FILE: 73.47KB
ARCHIVE FILE: 38.07MB 
EXPECTED FILE/DIRECTORY COUNT: 4,574
ACTUAL FILE/DIRECTORY COUNT: 4,573
ARCHIVE CONSISTENCY TEST: Pass

********************************************************************************
RECORD ID:[1]
TOTAL PROCESS RUNTIME: 32.07 sec.
PEAK PHP MEMORY USED: 48MB
DONE PROCESSING => 20240112_mutua 12 de January de 2024 19:30

